[debug] [2021-06-13T16:48:09.423Z] ----------------------------------------------------------------------
[debug] [2021-06-13T16:48:09.441Z] Command:       C:\Program Files\nodejs\node.exe C:\Users\Tanvi\AppData\Roaming\npm\node_modules\firebase-tools\lib\bin\firebase.js init
[debug] [2021-06-13T16:48:09.442Z] CLI Version:   9.12.1
[debug] [2021-06-13T16:48:09.442Z] Platform:      win32
[debug] [2021-06-13T16:48:09.443Z] Node Version:  v12.18.1
[debug] [2021-06-13T16:48:09.538Z] Time:          Sun Jun 13 2021 22:18:09 GMT+0530 (India Standard Time)
[debug] [2021-06-13T16:48:09.539Z] ----------------------------------------------------------------------
[debug] 
[debug] [2021-06-13T16:48:09.586Z] >>> [apiv2][query] GET https://firebase-public.firebaseio.com/cli.json [none]
[debug] [2021-06-13T16:48:09.736Z] > command requires scopes: ["email","openid","https://www.googleapis.com/auth/cloudplatformprojects.readonly","https://www.googleapis.com/auth/firebase","https://www.googleapis.com/auth/cloud-platform"]
[debug] [2021-06-13T16:48:09.737Z] > authorizing via signed-in user (neetashetty73@gmail.com)
[info] 
     ######## #### ########  ######## ########     ###     ######  ########
     ##        ##  ##     ## ##       ##     ##  ##   ##  ##       ##
     ######    ##  ########  ######   ########  #########  ######  ######
     ##        ##  ##    ##  ##       ##     ## ##     ##       ## ##
     ##       #### ##     ## ######## ########  ##     ##  ######  ########

You're about to initialize a Firebase project in this directory:

  C:\Users\Tanvi\Desktop\NodeJS\learningreact\todo-app

Before we get started, keep in mind:

  * You are initializing in an existing Firebase project directory

[debug] [2021-06-13T16:48:10.940Z] <<< [apiv2][status] GET https://firebase-public.firebaseio.com/cli.json 200
[debug] [2021-06-13T16:48:10.941Z] <<< [apiv2][body] GET https://firebase-public.firebaseio.com/cli.json {"cloudBuildErrorAfter":1594252800000,"cloudBuildWarnAfter":1590019200000,"defaultNode10After":1594252800000,"minVersion":"3.0.5","node8DeploysDisabledAfter":1613390400000,"node8RuntimeDisabledAfter":1615809600000,"node8WarnAfter":1600128000000}
